This file contains any messages produced by compilers while
running configure, to aid debugging if configure makes a mistake.

It was created by Google C++ Mocking Framework configure 1.7.0, which was
generated by GNU Autoconf 2.71.  Invocation command line was

  $ ./configure --disable-option-checking --prefix=/home/tkt/Documents/GitHub/CalvinDB/ext/protobuf 'CXXFLAGS=-std=gnu++11 -fPIC' --cache-file=/dev/null --srcdir=.

## --------- ##
## Platform. ##
## --------- ##

hostname = TKTDebian
uname -m = x86_64
uname -r = 6.1.0-37-amd64
uname -s = Linux
uname -v = #1 SMP PREEMPT_DYNAMIC Debian 6.1.140-1 (2025-05-22)

/usr/bin/uname -p = unknown
/bin/uname -X     = unknown

/bin/arch              = x86_64
/usr/bin/arch -k       = unknown
/usr/convex/getsysinfo = unknown
/usr/bin/hostinfo      = unknown
/bin/machine           = unknown
/usr/bin/oslevel       = unknown
/bin/universe          = unknown

PATH: /home/tkt/.nvm/versions/node/v20.19.4/bin/
PATH: /usr/local/bin/
PATH: /usr/bin/
PATH: /bin/
PATH: /usr/local/games/
PATH: /usr/games/
PATH: /snap/bin/
PATH: /home/tkt/.dotnet/tools/


## ----------- ##
## Core tests. ##
## ----------- ##

configure:2758: looking for aux files: config.guess config.sub ltmain.sh compile missing install-sh
configure:2771:  trying ./build-aux/
configure:2800:   ./build-aux/config.guess found
configure:2800:   ./build-aux/config.sub found
configure:2800:   ./build-aux/ltmain.sh found
configure:2800:   ./build-aux/compile found
configure:2800:   ./build-aux/missing found
configure:2782:   ./build-aux/install-sh found
configure:2944: checking for a BSD-compatible install
configure:3017: result: /usr/bin/install -c
configure:3028: checking whether build environment is sane
configure:3083: result: yes
configure:3242: checking for a race-free mkdir -p
configure:3286: result: /usr/bin/mkdir -p
configure:3293: checking for gawk
configure:3328: result: no
configure:3293: checking for mawk
configure:3314: found /usr/bin/mawk
configure:3325: result: mawk
configure:3336: checking whether make sets $(MAKE)
configure:3359: result: yes
configure:3389: checking whether make supports nested variables
configure:3407: result: yes
configure:3607: checking for gcc
configure:3628: found /usr/bin/gcc
configure:3639: result: gcc
configure:3992: checking for C compiler version
configure:4001: gcc --version >&5
gcc (Debian 12.2.0-14+deb12u1) 12.2.0
Copyright (C) 2022 Free Software Foundation, Inc.
This is free software; see the source for copying conditions.  There is NO
warranty; not even for MERCHANTABILITY or FITNESS FOR A PARTICULAR PURPOSE.

configure:4012: $? = 0
configure:4001: gcc -v >&5
Using built-in specs.
COLLECT_GCC=gcc
COLLECT_LTO_WRAPPER=/usr/lib/gcc/x86_64-linux-gnu/12/lto-wrapper
OFFLOAD_TARGET_NAMES=nvptx-none:amdgcn-amdhsa
OFFLOAD_TARGET_DEFAULT=1
Target: x86_64-linux-gnu
Configured with: ../src/configure -v --with-pkgversion='Debian 12.2.0-14+deb12u1' --with-bugurl=file:///usr/share/doc/gcc-12/README.Bugs --enable-languages=c,ada,c++,go,d,fortran,objc,obj-c++,m2 --prefix=/usr --with-gcc-major-version-only --program-suffix=-12 --program-prefix=x86_64-linux-gnu- --enable-shared --enable-linker-build-id --libexecdir=/usr/lib --without-included-gettext --enable-threads=posix --libdir=/usr/lib --enable-nls --enable-clocale=gnu --enable-libstdcxx-debug --enable-libstdcxx-time=yes --with-default-libstdcxx-abi=new --enable-gnu-unique-object --disable-vtable-verify --enable-plugin --enable-default-pie --with-system-zlib --enable-libphobos-checking=release --with-target-system-zlib=auto --enable-objc-gc=auto --enable-multiarch --disable-werror --enable-cet --with-arch-32=i686 --with-abi=m64 --with-multilib-list=m32,m64,mx32 --enable-multilib --with-tune=generic --enable-offload-targets=nvptx-none=/build/reproducible-path/gcc-12-12.2.0/debian/tmp-nvptx/usr,amdgcn-amdhsa=/build/reproducible-path/gcc-12-12.2.0/debian/tmp-gcn/usr --enable-offload-defaulted --without-cuda-driver --enable-checking=release --build=x86_64-linux-gnu --host=x86_64-linux-gnu --target=x86_64-linux-gnu
Thread model: posix
Supported LTO compression algorithms: zlib zstd
gcc version 12.2.0 (Debian 12.2.0-14+deb12u1) 
... rest of stderr output deleted ...
configure:4012: $? = 0
configure:4001: gcc -V >&5
gcc: error: unrecognized command-line option '-V'
gcc: fatal error: no input files
compilation terminated.
configure:4012: $? = 1
configure:4001: gcc -qversion >&5
gcc: error: unrecognized command-line option '-qversion'; did you mean '--version'?
gcc: fatal error: no input files
compilation terminated.
configure:4012: $? = 1
configure:4001: gcc -version >&5
gcc: error: unrecognized command-line option '-version'
gcc: fatal error: no input files
compilation terminated.
configure:4012: $? = 1
configure:4032: checking whether the C compiler works
configure:4054: gcc    conftest.c  >&5
configure:4058: $? = 0
configure:4108: result: yes
configure:4111: checking for C compiler default output file name
configure:4113: result: a.out
configure:4119: checking for suffix of executables
configure:4126: gcc -o conftest    conftest.c  >&5
configure:4130: $? = 0
configure:4153: result: 
configure:4175: checking whether we are cross compiling
configure:4183: gcc -o conftest    conftest.c  >&5
configure:4187: $? = 0
configure:4194: ./conftest
configure:4198: $? = 0
configure:4213: result: no
configure:4218: checking for suffix of object files
configure:4241: gcc -c   conftest.c >&5
configure:4245: $? = 0
configure:4267: result: o
configure:4271: checking whether the compiler supports GNU C
configure:4291: gcc -c   conftest.c >&5
configure:4291: $? = 0
configure:4301: result: yes
configure:4312: checking whether gcc accepts -g
configure:4333: gcc -c -g  conftest.c >&5
configure:4333: $? = 0
configure:4377: result: yes
configure:4397: checking for gcc option to enable C11 features
configure:4412: gcc  -c   conftest.c >&5
configure:4412: $? = 0
configure:4430: result: none needed
configure:4546: checking whether gcc understands -c and -o together
configure:4569: gcc -c conftest.c -o conftest2.o
configure:4572: $? = 0
configure:4569: gcc -c conftest.c -o conftest2.o
configure:4572: $? = 0
configure:4584: result: yes
configure:4604: checking whether make supports the include directive
configure:4619: make -f confmf.GNU && cat confinc.out
this is the am__doit target
configure:4622: $? = 0
configure:4641: result: yes (GNU style)
configure:4667: checking dependency style of gcc
configure:4779: result: gcc3
configure:4863: checking for g++
configure:4884: found /usr/bin/g++
configure:4895: result: g++
configure:4922: checking for C++ compiler version
configure:4931: g++ --version >&5
g++ (Debian 12.2.0-14+deb12u1) 12.2.0
Copyright (C) 2022 Free Software Foundation, Inc.
This is free software; see the source for copying conditions.  There is NO
warranty; not even for MERCHANTABILITY or FITNESS FOR A PARTICULAR PURPOSE.

configure:4942: $? = 0
configure:4931: g++ -v >&5
Using built-in specs.
COLLECT_GCC=g++
COLLECT_LTO_WRAPPER=/usr/lib/gcc/x86_64-linux-gnu/12/lto-wrapper
OFFLOAD_TARGET_NAMES=nvptx-none:amdgcn-amdhsa
OFFLOAD_TARGET_DEFAULT=1
Target: x86_64-linux-gnu
Configured with: ../src/configure -v --with-pkgversion='Debian 12.2.0-14+deb12u1' --with-bugurl=file:///usr/share/doc/gcc-12/README.Bugs --enable-languages=c,ada,c++,go,d,fortran,objc,obj-c++,m2 --prefix=/usr --with-gcc-major-version-only --program-suffix=-12 --program-prefix=x86_64-linux-gnu- --enable-shared --enable-linker-build-id --libexecdir=/usr/lib --without-included-gettext --enable-threads=posix --libdir=/usr/lib --enable-nls --enable-clocale=gnu --enable-libstdcxx-debug --enable-libstdcxx-time=yes --with-default-libstdcxx-abi=new --enable-gnu-unique-object --disable-vtable-verify --enable-plugin --enable-default-pie --with-system-zlib --enable-libphobos-checking=release --with-target-system-zlib=auto --enable-objc-gc=auto --enable-multiarch --disable-werror --enable-cet --with-arch-32=i686 --with-abi=m64 --with-multilib-list=m32,m64,mx32 --enable-multilib --with-tune=generic --enable-offload-targets=nvptx-none=/build/reproducible-path/gcc-12-12.2.0/debian/tmp-nvptx/usr,amdgcn-amdhsa=/build/reproducible-path/gcc-12-12.2.0/debian/tmp-gcn/usr --enable-offload-defaulted --without-cuda-driver --enable-checking=release --build=x86_64-linux-gnu --host=x86_64-linux-gnu --target=x86_64-linux-gnu
Thread model: posix
Supported LTO compression algorithms: zlib zstd
gcc version 12.2.0 (Debian 12.2.0-14+deb12u1) 
... rest of stderr output deleted ...
configure:4942: $? = 0
configure:4931: g++ -V >&5
g++: error: unrecognized command-line option '-V'
g++: fatal error: no input files
compilation terminated.
configure:4942: $? = 1
configure:4931: g++ -qversion >&5
g++: error: unrecognized command-line option '-qversion'; did you mean '--version'?
g++: fatal error: no input files
compilation terminated.
configure:4942: $? = 1
configure:4946: checking whether the compiler supports GNU C++
configure:4966: g++ -c -std=gnu++11 -fPIC  conftest.cpp >&5
configure:4966: $? = 0
configure:4976: result: yes
configure:4987: checking whether g++ accepts -g
configure:5008: g++ -c -g  conftest.cpp >&5
configure:5008: $? = 0
configure:5052: result: yes
configure:5072: checking for g++ option to enable C++11 features
configure:5087: g++  -c -std=gnu++11 -fPIC  conftest.cpp >&5
conftest.cpp: In function 'int main(int, char**)':
conftest.cpp:177:25: warning: empty parentheses were disambiguated as a function declaration [-Wvexing-parse]
  177 |   cxx11test::delegate d2();
      |                         ^~
conftest.cpp:177:25: note: remove parentheses to default-initialize a variable
  177 |   cxx11test::delegate d2();
      |                         ^~
      |                         --
conftest.cpp:177:25: note: or replace parentheses with braces to value-initialize a variable
configure:5087: $? = 0
configure:5105: result: none needed
configure:5171: checking dependency style of g++
configure:5283: result: gcc3
configure:5336: checking build system type
configure:5351: result: x86_64-pc-linux-gnu
configure:5371: checking host system type
configure:5385: result: x86_64-pc-linux-gnu
configure:5426: checking how to print strings
configure:5453: result: printf
configure:5474: checking for a sed that does not truncate output
configure:5544: result: /usr/bin/sed
configure:5562: checking for grep that handles long lines and -e
configure:5626: result: /usr/bin/grep
configure:5631: checking for egrep
configure:5699: result: /usr/bin/grep -E
configure:5704: checking for fgrep
configure:5772: result: /usr/bin/grep -F
configure:5808: checking for ld used by gcc
configure:5876: result: /usr/bin/ld
configure:5883: checking if the linker (/usr/bin/ld) is GNU ld
configure:5899: result: yes
configure:5911: checking for BSD- or MS-compatible name lister (nm)
configure:5966: result: /usr/bin/nm -B
configure:6106: checking the name lister (/usr/bin/nm -B) interface
configure:6114: g++ -c -std=gnu++11 -fPIC  conftest.cpp >&5
configure:6117: /usr/bin/nm -B "conftest.o"
configure:6120: output
0000000000000000 B some_variable
configure:6127: result: BSD nm
configure:6130: checking whether ln -s works
configure:6134: result: yes
configure:6142: checking the maximum length of command line arguments
configure:6274: result: 1572864
configure:6322: checking how to convert x86_64-pc-linux-gnu file names to x86_64-pc-linux-gnu format
configure:6363: result: func_convert_file_noop
configure:6370: checking how to convert x86_64-pc-linux-gnu file names to toolchain format
configure:6391: result: func_convert_file_noop
configure:6398: checking for /usr/bin/ld option to reload object files
configure:6406: result: -r
configure:6485: checking for file
configure:6506: found /usr/bin/file
configure:6517: result: file
configure:6593: checking for objdump
configure:6614: found /usr/bin/objdump
configure:6625: result: objdump
configure:6657: checking how to recognize dependent libraries
configure:6858: result: pass_all
configure:6948: checking for dlltool
configure:6983: result: no
configure:7013: checking how to associate runtime and link libraries
configure:7041: result: printf %s\n
configure:7107: checking for ar
configure:7128: found /usr/bin/ar
configure:7139: result: ar
configure:7192: checking for archiver @FILE support
configure:7210: g++ -c -std=gnu++11 -fPIC  conftest.cpp >&5
configure:7210: $? = 0
configure:7214: ar cr libconftest.a @conftest.lst >&5
configure:7217: $? = 0
configure:7222: ar cr libconftest.a @conftest.lst >&5
ar: conftest.o: No such file or directory
configure:7225: $? = 1
configure:7237: result: @
configure:7300: checking for strip
configure:7321: found /usr/bin/strip
configure:7332: result: strip
configure:7409: checking for ranlib
configure:7430: found /usr/bin/ranlib
configure:7441: result: ranlib
configure:7543: checking command to parse /usr/bin/nm -B output from gcc object
configure:7697: g++ -c -std=gnu++11 -fPIC  conftest.cpp >&5
configure:7700: $? = 0
configure:7704: /usr/bin/nm -B conftest.o | /usr/bin/sed -n -e 's/^.*[	 ]\([ABCDGIRSTW][ABCDGIRSTW]*\)[	 ][	 ]*\([_A-Za-z][_A-Za-z0-9]*\)$/\1 \2 \2/p' | /usr/bin/sed '/ __gnu_lto/d' > conftest.nm
configure:7770: g++ -o conftest -std=gnu++11 -fPIC   conftest.cpp conftstm.o >&5
configure:7773: $? = 0
configure:7811: result: ok
configure:7858: checking for sysroot
configure:7889: result: no
configure:7896: checking for a working dd
configure:7940: result: /usr/bin/dd
configure:7944: checking how to truncate binary pipes
configure:7960: result: /usr/bin/dd bs=4096 count=1
configure:8098: g++ -c -std=gnu++11 -fPIC  conftest.cpp >&5
configure:8101: $? = 0
configure:8298: checking for mt
configure:8319: found /usr/bin/mt
configure:8330: result: mt
configure:8353: checking if mt is a manifest tool
configure:8360: mt '-?'
configure:8368: result: no
configure:9093: checking for stdio.h
configure:9093: g++ -c -std=gnu++11 -fPIC  conftest.cpp >&5
configure:9093: $? = 0
configure:9093: result: yes
configure:9093: checking for stdlib.h
configure:9093: g++ -c -std=gnu++11 -fPIC  conftest.cpp >&5
configure:9093: $? = 0
configure:9093: result: yes
configure:9093: checking for string.h
configure:9093: g++ -c -std=gnu++11 -fPIC  conftest.cpp >&5
configure:9093: $? = 0
configure:9093: result: yes
configure:9093: checking for inttypes.h
configure:9093: g++ -c -std=gnu++11 -fPIC  conftest.cpp >&5
configure:9093: $? = 0
configure:9093: result: yes
configure:9093: checking for stdint.h
configure:9093: g++ -c -std=gnu++11 -fPIC  conftest.cpp >&5
configure:9093: $? = 0
configure:9093: result: yes
configure:9093: checking for strings.h
configure:9093: g++ -c -std=gnu++11 -fPIC  conftest.cpp >&5
configure:9093: $? = 0
configure:9093: result: yes
configure:9093: checking for sys/stat.h
configure:9093: g++ -c -std=gnu++11 -fPIC  conftest.cpp >&5
configure:9093: $? = 0
configure:9093: result: yes
configure:9093: checking for sys/types.h
configure:9093: g++ -c -std=gnu++11 -fPIC  conftest.cpp >&5
configure:9093: $? = 0
configure:9093: result: yes
configure:9093: checking for unistd.h
configure:9093: g++ -c -std=gnu++11 -fPIC  conftest.cpp >&5
configure:9093: $? = 0
configure:9093: result: yes
configure:9118: checking for dlfcn.h
configure:9118: g++ -c -std=gnu++11 -fPIC  conftest.cpp >&5
configure:9118: $? = 0
configure:9118: result: yes
configure:9387: checking for objdir
configure:9403: result: .libs
configure:9663: checking if gcc supports -fno-rtti -fno-exceptions
configure:9682: gcc -c   -fno-rtti -fno-exceptions conftest.c >&5
cc1: warning: command-line option '-fno-rtti' is valid for C++/D/ObjC++ but not for C
configure:9686: $? = 0
configure:9699: result: no
configure:10063: checking for gcc option to produce PIC
configure:10071: result: -fPIC -DPIC
configure:10079: checking if gcc PIC flag -fPIC -DPIC works
configure:10098: gcc -c   -fPIC -DPIC -DPIC conftest.c >&5
configure:10102: $? = 0
configure:10115: result: yes
configure:10144: checking if gcc static flag -static works
configure:10173: result: yes
configure:10188: checking if gcc supports -c -o file.o
configure:10210: gcc -c   -o out/conftest2.o conftest.c >&5
configure:10214: $? = 0
configure:10236: result: yes
configure:10244: checking if gcc supports -c -o file.o
configure:10292: result: yes
configure:10325: checking whether the gcc linker (/usr/bin/ld -m elf_x86_64) supports shared libraries
configure:11599: result: yes
configure:11636: checking whether -lc should be explicitly linked in
configure:11645: gcc -c   conftest.c >&5
configure:11648: $? = 0
configure:11663: gcc -shared  -fPIC -DPIC conftest.o  -v -Wl,-soname -Wl,conftest -o conftest 2\>\&1 \| /usr/bin/grep  -lc  \>/dev/null 2\>\&1
configure:11666: $? = 0
configure:11680: result: no
configure:11840: checking dynamic linker characteristics
configure:12422: gcc -o conftest    -Wl,-rpath -Wl,/foo conftest.c  >&5
configure:12422: $? = 0
configure:12673: result: GNU/Linux ld.so
configure:12795: checking how to hardcode library paths into programs
configure:12820: result: immediate
configure:13372: checking whether stripping libraries is possible
configure:13381: result: yes
configure:13423: checking if libtool supports shared libraries
configure:13425: result: yes
configure:13428: checking whether to build shared libraries
configure:13453: result: yes
configure:13456: checking whether to build static libraries
configure:13460: result: yes
configure:13483: checking how to run the C++ preprocessor
configure:13505: g++ -E  conftest.cpp
configure:13505: $? = 0
configure:13520: g++ -E  conftest.cpp
conftest.cpp:23:10: fatal error: ac_nonexistent.h: No such file or directory
   23 | #include <ac_nonexistent.h>
      |          ^~~~~~~~~~~~~~~~~~
compilation terminated.
configure:13520: $? = 1
configure: failed program was:
| /* confdefs.h */
| #define PACKAGE_NAME "Google C++ Mocking Framework"
| #define PACKAGE_TARNAME "gmock"
| #define PACKAGE_VERSION "1.7.0"
| #define PACKAGE_STRING "Google C++ Mocking Framework 1.7.0"
| #define PACKAGE_BUGREPORT "googlemock@googlegroups.com"
| #define PACKAGE_URL ""
| #define PACKAGE "gmock"
| #define VERSION "1.7.0"
| #define HAVE_STDIO_H 1
| #define HAVE_STDLIB_H 1
| #define HAVE_STRING_H 1
| #define HAVE_INTTYPES_H 1
| #define HAVE_STDINT_H 1
| #define HAVE_STRINGS_H 1
| #define HAVE_SYS_STAT_H 1
| #define HAVE_SYS_TYPES_H 1
| #define HAVE_UNISTD_H 1
| #define STDC_HEADERS 1
| #define HAVE_DLFCN_H 1
| #define LT_OBJDIR ".libs/"
| /* end confdefs.h.  */
| #include <ac_nonexistent.h>
configure:13547: result: g++ -E
configure:13561: g++ -E  conftest.cpp
configure:13561: $? = 0
configure:13576: g++ -E  conftest.cpp
conftest.cpp:23:10: fatal error: ac_nonexistent.h: No such file or directory
   23 | #include <ac_nonexistent.h>
      |          ^~~~~~~~~~~~~~~~~~
compilation terminated.
configure:13576: $? = 1
configure: failed program was:
| /* confdefs.h */
| #define PACKAGE_NAME "Google C++ Mocking Framework"
| #define PACKAGE_TARNAME "gmock"
| #define PACKAGE_VERSION "1.7.0"
| #define PACKAGE_STRING "Google C++ Mocking Framework 1.7.0"
| #define PACKAGE_BUGREPORT "googlemock@googlegroups.com"
| #define PACKAGE_URL ""
| #define PACKAGE "gmock"
| #define VERSION "1.7.0"
| #define HAVE_STDIO_H 1
| #define HAVE_STDLIB_H 1
| #define HAVE_STRING_H 1
| #define HAVE_INTTYPES_H 1
| #define HAVE_STDINT_H 1
| #define HAVE_STRINGS_H 1
| #define HAVE_SYS_STAT_H 1
| #define HAVE_SYS_TYPES_H 1
| #define HAVE_UNISTD_H 1
| #define STDC_HEADERS 1
| #define HAVE_DLFCN_H 1
| #define LT_OBJDIR ".libs/"
| /* end confdefs.h.  */
| #include <ac_nonexistent.h>
configure:13741: checking for ld used by g++
configure:13809: result: /usr/bin/ld -m elf_x86_64
configure:13816: checking if the linker (/usr/bin/ld -m elf_x86_64) is GNU ld
configure:13832: result: yes
configure:13887: checking whether the g++ linker (/usr/bin/ld -m elf_x86_64) supports shared libraries
configure:14965: result: yes
configure:15001: g++ -c -std=gnu++11 -fPIC  conftest.cpp >&5
configure:15004: $? = 0
configure:15485: checking for g++ option to produce PIC
configure:15493: result: -fPIC -DPIC
configure:15501: checking if g++ PIC flag -fPIC -DPIC works
configure:15520: g++ -c -std=gnu++11 -fPIC  -fPIC -DPIC -DPIC conftest.cpp >&5
configure:15524: $? = 0
configure:15537: result: yes
configure:15560: checking if g++ static flag -static works
configure:15589: result: yes
configure:15601: checking if g++ supports -c -o file.o
configure:15623: g++ -c -std=gnu++11 -fPIC  -o out/conftest2.o conftest.cpp >&5
configure:15627: $? = 0
configure:15649: result: yes
configure:15654: checking if g++ supports -c -o file.o
configure:15702: result: yes
configure:15732: checking whether the g++ linker (/usr/bin/ld -m elf_x86_64) supports shared libraries
configure:15775: result: yes
configure:15917: checking dynamic linker characteristics
configure:16677: result: GNU/Linux ld.so
configure:16742: checking how to hardcode library paths into programs
configure:16767: result: immediate
configure:16837: checking for python
configure:16860: found /usr/bin/python
configure:16873: result: /usr/bin/python
configure:16892: /usr/bin/python -c import sys # split strings by '.' and convert to numeric. Append some zeros # because we need at least 4 digits for the hex conversion. # map returns an iterator in Python 3.0 and a list in 2.x minver = list(map(int, '2.3'.split('.'))) + [0, 0, 0] minverhex = 0 # xrange is not present in Python 3.0 and range returns an iterator for i in list(range(0, 4)): minverhex = (minverhex << 8) + minver[i] sys.exit(sys.hexversion < minverhex)
configure:16895: $? = 0
configure:17096: checking for the pthreads library -lpthreads
configure:17129: gcc -o conftest     conftest.c -lpthreads  >&5
/usr/bin/ld: cannot find -lpthreads: No such file or directory
collect2: error: ld returned 1 exit status
configure:17129: $? = 1
configure: failed program was:
| /* confdefs.h */
| #define PACKAGE_NAME "Google C++ Mocking Framework"
| #define PACKAGE_TARNAME "gmock"
| #define PACKAGE_VERSION "1.7.0"
| #define PACKAGE_STRING "Google C++ Mocking Framework 1.7.0"
| #define PACKAGE_BUGREPORT "googlemock@googlegroups.com"
| #define PACKAGE_URL ""
| #define PACKAGE "gmock"
| #define VERSION "1.7.0"
| #define HAVE_STDIO_H 1
| #define HAVE_STDLIB_H 1
| #define HAVE_STRING_H 1
| #define HAVE_INTTYPES_H 1
| #define HAVE_STDINT_H 1
| #define HAVE_STRINGS_H 1
| #define HAVE_SYS_STAT_H 1
| #define HAVE_SYS_TYPES_H 1
| #define HAVE_UNISTD_H 1
| #define STDC_HEADERS 1
| #define HAVE_DLFCN_H 1
| #define LT_OBJDIR ".libs/"
| /* end confdefs.h.  */
| #include <pthread.h>
| int
| main (void)
| {
| pthread_t th; pthread_join(th, 0);
|                      pthread_attr_init(0); pthread_cleanup_push(0, 0);
|                      pthread_create(0,0,0,0); pthread_cleanup_pop(0);
|   ;
|   return 0;
| }
configure:17139: result: no
configure:17036: checking whether pthreads work without any flags
configure:17129: gcc -o conftest     conftest.c   >&5
configure:17129: $? = 0
configure:17139: result: yes
configure:17158: checking for joinable pthread attribute
configure:17173: gcc -o conftest     conftest.c   >&5
configure:17173: $? = 0
configure:17180: result: PTHREAD_CREATE_JOINABLE
configure:17188: checking if more special flags are required for pthreads
configure:17195: result: no
configure:17289: checking whether to check for GCC pthread/shared inconsistencies
configure:17302: gcc -o conftest -shared -fPIC -Wl,-z,defs     conftest.c   >&5
configure:17302: $? = 0
configure:17315: result: yes
configure:17321: checking whether -pthread is sufficient with -shared
configure:17336: gcc -o conftest -shared -fPIC -Wl,-z,defs     conftest.c   >&5
configure:17336: $? = 0
configure:17344: result: yes
configure:17550: checking for gtest-config
configure:17588: result: no
configure:17737: checking that generated files are newer than configure
configure:17743: result: done
configure:17778: creating ./config.status

## ---------------------- ##
## Running config.status. ##
## ---------------------- ##

This file was extended by Google C++ Mocking Framework config.status 1.7.0, which was
generated by GNU Autoconf 2.71.  Invocation command line was

  CONFIG_FILES    = 
  CONFIG_HEADERS  = 
  CONFIG_LINKS    = 
  CONFIG_COMMANDS = 
  $ ./config.status 

on TKTDebian

config.status:1163: creating Makefile
config.status:1163: creating scripts/gmock-config
config.status:1163: creating build-aux/config.h
config.status:1392: executing depfiles commands
config.status:1470: cd .       && sed -e '/# am--include-marker/d' Makefile         | make -f - am--depfiles
config.status:1475: $? = 0
config.status:1392: executing libtool commands
configure:20260: === configuring in gtest (/home/tkt/Documents/GitHub/CalvinDB/ext/protobuf/gmock/gtest)
configure:20321: running /bin/bash ./configure --disable-option-checking '--prefix=/home/tkt/Documents/GitHub/CalvinDB/ext/protobuf'  'CXXFLAGS=-std=gnu++11 -fPIC' 'CFLAGS=' --cache-file=/dev/null --srcdir=.

## ---------------- ##
## Cache variables. ##
## ---------------- ##

ac_cv_build=x86_64-pc-linux-gnu
ac_cv_c_compiler_gnu=yes
ac_cv_cxx_compiler_gnu=yes
ac_cv_env_CCC_set=
ac_cv_env_CCC_value=
ac_cv_env_CC_set=
ac_cv_env_CC_value=
ac_cv_env_CFLAGS_set=set
ac_cv_env_CFLAGS_value=
ac_cv_env_CPPFLAGS_set=
ac_cv_env_CPPFLAGS_value=
ac_cv_env_CXXCPP_set=
ac_cv_env_CXXCPP_value=
ac_cv_env_CXXFLAGS_set=set
ac_cv_env_CXXFLAGS_value='-std=gnu++11 -fPIC'
ac_cv_env_CXX_set=
ac_cv_env_CXX_value=
ac_cv_env_GTEST_CONFIG_set=
ac_cv_env_GTEST_CONFIG_value=
ac_cv_env_GTEST_CPPFLAGS_set=
ac_cv_env_GTEST_CPPFLAGS_value=
ac_cv_env_GTEST_CXXFLAGS_set=
ac_cv_env_GTEST_CXXFLAGS_value=
ac_cv_env_GTEST_LDFLAGS_set=
ac_cv_env_GTEST_LDFLAGS_value=
ac_cv_env_GTEST_LIBS_set=
ac_cv_env_GTEST_LIBS_value=
ac_cv_env_GTEST_VERSION_set=
ac_cv_env_GTEST_VERSION_value=
ac_cv_env_LDFLAGS_set=
ac_cv_env_LDFLAGS_value=
ac_cv_env_LIBS_set=
ac_cv_env_LIBS_value=
ac_cv_env_LT_SYS_LIBRARY_PATH_set=
ac_cv_env_LT_SYS_LIBRARY_PATH_value=
ac_cv_env_build_alias_set=
ac_cv_env_build_alias_value=
ac_cv_env_host_alias_set=
ac_cv_env_host_alias_value=
ac_cv_env_target_alias_set=
ac_cv_env_target_alias_value=
ac_cv_header_dlfcn_h=yes
ac_cv_header_inttypes_h=yes
ac_cv_header_stdint_h=yes
ac_cv_header_stdio_h=yes
ac_cv_header_stdlib_h=yes
ac_cv_header_string_h=yes
ac_cv_header_strings_h=yes
ac_cv_header_sys_stat_h=yes
ac_cv_header_sys_types_h=yes
ac_cv_header_unistd_h=yes
ac_cv_host=x86_64-pc-linux-gnu
ac_cv_objext=o
ac_cv_path_EGREP='/usr/bin/grep -E'
ac_cv_path_FGREP='/usr/bin/grep -F'
ac_cv_path_GREP=/usr/bin/grep
ac_cv_path_PYTHON=/usr/bin/python
ac_cv_path_SED=/usr/bin/sed
ac_cv_path_install='/usr/bin/install -c'
ac_cv_path_lt_DD=/usr/bin/dd
ac_cv_path_mkdir=/usr/bin/mkdir
ac_cv_prog_AWK=mawk
ac_cv_prog_CXXCPP='g++ -E'
ac_cv_prog_ac_ct_AR=ar
ac_cv_prog_ac_ct_CC=gcc
ac_cv_prog_ac_ct_CXX=g++
ac_cv_prog_ac_ct_FILECMD=file
ac_cv_prog_ac_ct_MANIFEST_TOOL=mt
ac_cv_prog_ac_ct_OBJDUMP=objdump
ac_cv_prog_ac_ct_RANLIB=ranlib
ac_cv_prog_ac_ct_STRIP=strip
ac_cv_prog_cc_c11=
ac_cv_prog_cc_g=yes
ac_cv_prog_cc_stdc=
ac_cv_prog_cxx_cxx11=
ac_cv_prog_cxx_g=yes
ac_cv_prog_cxx_stdcxx=
ac_cv_prog_make_make_set=yes
am_cv_CC_dependencies_compiler_type=gcc3
am_cv_CXX_dependencies_compiler_type=gcc3
am_cv_make_support_nested_variables=yes
am_cv_prog_cc_c_o=yes
lt_cv_ar_at_file=@
lt_cv_archive_cmds_need_lc=no
lt_cv_deplibs_check_method=pass_all
lt_cv_file_magic_cmd='$MAGIC_CMD'
lt_cv_file_magic_test_file=
lt_cv_ld_reload_flag=-r
lt_cv_nm_interface='BSD nm'
lt_cv_objdir=.libs
lt_cv_path_LD=/usr/bin/ld
lt_cv_path_LDCXX='/usr/bin/ld -m elf_x86_64'
lt_cv_path_NM='/usr/bin/nm -B'
lt_cv_path_mainfest_tool=no
lt_cv_prog_compiler_c_o=yes
lt_cv_prog_compiler_c_o_CXX=yes
lt_cv_prog_compiler_pic='-fPIC -DPIC'
lt_cv_prog_compiler_pic_CXX='-fPIC -DPIC'
lt_cv_prog_compiler_pic_works=yes
lt_cv_prog_compiler_pic_works_CXX=yes
lt_cv_prog_compiler_rtti_exceptions=no
lt_cv_prog_compiler_static_works=yes
lt_cv_prog_compiler_static_works_CXX=yes
lt_cv_prog_gnu_ld=yes
lt_cv_prog_gnu_ldcxx=yes
lt_cv_sharedlib_from_linklib_cmd='printf %s\n'
lt_cv_shlibpath_overrides_runpath=yes
lt_cv_sys_global_symbol_pipe='/usr/bin/sed -n -e '\''s/^.*[	 ]\([ABCDGIRSTW][ABCDGIRSTW]*\)[	 ][	 ]*\([_A-Za-z][_A-Za-z0-9]*\)$/\1 \2 \2/p'\'' | /usr/bin/sed '\''/ __gnu_lto/d'\'''
lt_cv_sys_global_symbol_to_c_name_address='/usr/bin/sed -n -e '\''s/^: \(.*\) .*$/  {"\1", (void *) 0},/p'\'' -e '\''s/^[ABCDGIRSTW][ABCDGIRSTW]* .* \(.*\)$/  {"\1", (void *) \&\1},/p'\'''
lt_cv_sys_global_symbol_to_c_name_address_lib_prefix='/usr/bin/sed -n -e '\''s/^: \(.*\) .*$/  {"\1", (void *) 0},/p'\'' -e '\''s/^[ABCDGIRSTW][ABCDGIRSTW]* .* \(lib.*\)$/  {"\1", (void *) \&\1},/p'\'' -e '\''s/^[ABCDGIRSTW][ABCDGIRSTW]* .* \(.*\)$/  {"lib\1", (void *) \&\1},/p'\'''
lt_cv_sys_global_symbol_to_cdecl='/usr/bin/sed -n -e '\''s/^T .* \(.*\)$/extern int \1();/p'\'' -e '\''s/^[ABCDGIRSTW][ABCDGIRSTW]* .* \(.*\)$/extern char \1;/p'\'''
lt_cv_sys_global_symbol_to_import=
lt_cv_sys_max_cmd_len=1572864
lt_cv_to_host_file_cmd=func_convert_file_noop
lt_cv_to_tool_file_cmd=func_convert_file_noop
lt_cv_truncate_bin='/usr/bin/dd bs=4096 count=1'

## ----------------- ##
## Output variables. ##
## ----------------- ##

ACLOCAL='${SHELL} '\''/home/tkt/Documents/GitHub/CalvinDB/ext/protobuf/gmock/build-aux/missing'\'' aclocal-1.16'
AMDEPBACKSLASH='\'
AMDEP_FALSE='#'
AMDEP_TRUE=''
AMTAR='$${TAR-tar}'
AM_BACKSLASH='\'
AM_DEFAULT_V='$(AM_DEFAULT_VERBOSITY)'
AM_DEFAULT_VERBOSITY='1'
AM_V='$(V)'
AR='ar'
AUTOCONF='${SHELL} '\''/home/tkt/Documents/GitHub/CalvinDB/ext/protobuf/gmock/build-aux/missing'\'' autoconf'
AUTOHEADER='${SHELL} '\''/home/tkt/Documents/GitHub/CalvinDB/ext/protobuf/gmock/build-aux/missing'\'' autoheader'
AUTOMAKE='${SHELL} '\''/home/tkt/Documents/GitHub/CalvinDB/ext/protobuf/gmock/build-aux/missing'\'' automake-1.16'
AWK='mawk'
CC='gcc'
CCDEPMODE='depmode=gcc3'
CFLAGS=''
CPPFLAGS=''
CSCOPE='cscope'
CTAGS='ctags'
CXX='g++'
CXXCPP='g++ -E'
CXXDEPMODE='depmode=gcc3'
CXXFLAGS='-std=gnu++11 -fPIC'
CYGPATH_W='echo'
DEFS='-DHAVE_CONFIG_H'
DEPDIR='.deps'
DLLTOOL='false'
DSYMUTIL=''
DUMPBIN=''
ECHO_C=''
ECHO_N='-n'
ECHO_T=''
EGREP='/usr/bin/grep -E'
ETAGS='etags'
EXEEXT=''
FGREP='/usr/bin/grep -F'
FILECMD='file'
GREP='/usr/bin/grep'
GTEST_CONFIG='/home/tkt/Documents/GitHub/CalvinDB/ext/protobuf/gmock/gtest/scripts/gtest-config'
GTEST_CPPFLAGS='-I$(top_srcdir)/gtest/include'
GTEST_CXXFLAGS='-g'
GTEST_LDFLAGS=''
GTEST_LIBS='$(top_builddir)/gtest/lib/libgtest.la'
GTEST_VERSION='1.7.0'
HAVE_PTHREADS_FALSE='#'
HAVE_PTHREADS_TRUE=''
HAVE_PYTHON_FALSE='#'
HAVE_PYTHON_TRUE=''
INSTALL_DATA='${INSTALL} -m 644'
INSTALL_PROGRAM='${INSTALL}'
INSTALL_SCRIPT='${INSTALL}'
INSTALL_STRIP_PROGRAM='$(install_sh) -c -s'
LD='/usr/bin/ld -m elf_x86_64'
LDFLAGS=''
LIBOBJS=''
LIBS=''
LIBTOOL='$(SHELL) $(top_builddir)/libtool'
LIPO=''
LN_S='ln -s'
LTLIBOBJS=''
LT_SYS_LIBRARY_PATH=''
MAKEINFO='${SHELL} '\''/home/tkt/Documents/GitHub/CalvinDB/ext/protobuf/gmock/build-aux/missing'\'' makeinfo'
MANIFEST_TOOL=':'
MKDIR_P='/usr/bin/mkdir -p'
NM='/usr/bin/nm -B'
NMEDIT=''
OBJDUMP='objdump'
OBJEXT='o'
OTOOL64=''
OTOOL=''
PACKAGE='gmock'
PACKAGE_BUGREPORT='googlemock@googlegroups.com'
PACKAGE_NAME='Google C++ Mocking Framework'
PACKAGE_STRING='Google C++ Mocking Framework 1.7.0'
PACKAGE_TARNAME='gmock'
PACKAGE_URL=''
PACKAGE_VERSION='1.7.0'
PATH_SEPARATOR=':'
PTHREAD_CC='gcc'
PTHREAD_CFLAGS=''
PTHREAD_LIBS=''
PYTHON='/usr/bin/python'
RANLIB='ranlib'
SED='/usr/bin/sed'
SET_MAKE=''
SHELL='/bin/bash'
STRIP='strip'
VERSION='1.7.0'
ac_ct_AR='ar'
ac_ct_CC='gcc'
ac_ct_CXX='g++'
ac_ct_DUMPBIN=''
acx_pthread_config=''
am__EXEEXT_FALSE=''
am__EXEEXT_TRUE='#'
am__fastdepCC_FALSE='#'
am__fastdepCC_TRUE=''
am__fastdepCXX_FALSE='#'
am__fastdepCXX_TRUE=''
am__include='include'
am__isrc=''
am__leading_dot='.'
am__nodep='_no'
am__quote=''
am__tar='$${TAR-tar} chof - "$$tardir"'
am__untar='$${TAR-tar} xf -'
bindir='${exec_prefix}/bin'
build='x86_64-pc-linux-gnu'
build_alias=''
build_cpu='x86_64'
build_os='linux-gnu'
build_vendor='pc'
datadir='${datarootdir}'
datarootdir='${prefix}/share'
docdir='${datarootdir}/doc/${PACKAGE_TARNAME}'
dvidir='${docdir}'
exec_prefix='${prefix}'
host='x86_64-pc-linux-gnu'
host_alias=''
host_cpu='x86_64'
host_os='linux-gnu'
host_vendor='pc'
htmldir='${docdir}'
includedir='${prefix}/include'
infodir='${datarootdir}/info'
install_sh='${SHELL} /home/tkt/Documents/GitHub/CalvinDB/ext/protobuf/gmock/build-aux/install-sh'
libdir='${exec_prefix}/lib'
libexecdir='${exec_prefix}/libexec'
localedir='${datarootdir}/locale'
localstatedir='${prefix}/var'
mandir='${datarootdir}/man'
mkdir_p='$(MKDIR_P)'
oldincludedir='/usr/include'
pdfdir='${docdir}'
prefix='/home/tkt/Documents/GitHub/CalvinDB/ext/protobuf'
program_transform_name='s,x,x,'
psdir='${docdir}'
runstatedir='${localstatedir}/run'
sbindir='${exec_prefix}/sbin'
sharedstatedir='${prefix}/com'
subdirs=' gtest'
sysconfdir='${prefix}/etc'
target_alias=''

## ----------- ##
## confdefs.h. ##
## ----------- ##

/* confdefs.h */
#define PACKAGE_NAME "Google C++ Mocking Framework"
#define PACKAGE_TARNAME "gmock"
#define PACKAGE_VERSION "1.7.0"
#define PACKAGE_STRING "Google C++ Mocking Framework 1.7.0"
#define PACKAGE_BUGREPORT "googlemock@googlegroups.com"
#define PACKAGE_URL ""
#define PACKAGE "gmock"
#define VERSION "1.7.0"
#define HAVE_STDIO_H 1
#define HAVE_STDLIB_H 1
#define HAVE_STRING_H 1
#define HAVE_INTTYPES_H 1
#define HAVE_STDINT_H 1
#define HAVE_STRINGS_H 1
#define HAVE_SYS_STAT_H 1
#define HAVE_SYS_TYPES_H 1
#define HAVE_UNISTD_H 1
#define STDC_HEADERS 1
#define HAVE_DLFCN_H 1
#define LT_OBJDIR ".libs/"
#define HAVE_PTHREAD 1

configure: exit 0
